
2015-01-04 20:38:00 ----- Program start -----
2015-01-04 20:38:00	Print Options: 
2015-01-04 20:38:00	Write data to 'fopi.data' and 'fopi.dayfile'
2015-01-04 20:38:00	No BMP085
2015-01-04 20:38:00	Wind Speed Multiplier: 1.0
2015-01-04 20:38:00	Units: 0


2015-01-04 20:38:00 ----- Program start -----
2015-01-04 20:38:00	Print Options: 
2015-01-04 20:38:00	Write data to 'fopi.data' and 'fopi.dayfile'
2015-01-04 20:38:00	No BMP085
2015-01-04 20:38:00	Wind Speed Multiplier: 1.0
2015-01-04 20:38:00	Units: 0


2015-01-10 09:08:00 ----- Program start -----
2015-01-10 09:08:00	Print Options: 
2015-01-10 09:08:00	Write data to 'fopi.data' and 'fopi.dayfile'
2015-01-10 09:08:00	No BMP085
2015-01-10 09:08:00	Wind Speed Multiplier: 1.0
2015-01-10 09:08:00	Units: 0


2015-01-10 09:13:00 ----- Program start -----
2015-01-10 09:13:00	Print Options: 
2015-01-10 09:13:00	Write data to 'fopi.data' and 'fopi.dayfile'
2015-01-10 09:13:00	No BMP085
2015-01-10 09:13:00	Wind Speed Multiplier: 1.0
2015-01-10 09:13:00	Units: 0


2015-01-10 09:14:00 ----- Program start -----
2015-01-10 09:14:00	Print Options: 
2015-01-10 09:14:00	Write data to 'fopi.data' and 'fopi.dayfile'
2015-01-10 09:14:00	No BMP085
2015-01-10 09:14:00	Wind Speed Multiplier: 1.0
2015-01-10 09:14:00	Units: 0


2015-01-10 09:18:00 ----- Program start -----
2015-01-10 09:18:00	Print Options: 
2015-01-10 09:18:00	Write data to 'fopi.data' and 'fopi.dayfile'
2015-01-10 09:18:00	No BMP085
2015-01-10 09:18:00	Wind Speed Multiplier: 1.0
2015-01-10 09:18:00	Units: 0


2015-01-24 09:31:00 ----- Program start -----
2015-01-24 09:31:00	Print Options: 
2015-01-24 09:31:00	Write data to 'fopi.data' and 'fopi.dayfile'
2015-01-24 09:31:00	No BMP085
2015-01-24 09:31:00	Wind Speed Multiplier: 1.0
2015-01-24 09:31:00	Units: 0


2015-01-24 09:31:00 ----- Program start -----
2015-01-24 09:31:00	Print Options: 
2015-01-24 09:31:00	Write data to 'fopi.data' and 'fopi.dayfile'
2015-01-24 09:31:00	No BMP085
2015-01-24 09:31:00	Wind Speed Multiplier: 1.0
2015-01-24 09:31:00	Units: 0

